Thu May 13 2021 13:06:05 GMT+0100 (British Summer Time) SIGINT
Thu May 13 2021 13:12:18 GMT+0100 (British Summer Time) SIGINT
Thu May 13 2021 13:17:12 GMT+0100 (British Summer Time) SIGINT
Thu May 13 2021 14:38:05 GMT+0100 (British Summer Time) SIGINT
Tue May 18 2021 16:40:42 GMT+0100 (British Summer Time) SIGINT
Fri May 21 2021 15:47:22 GMT+0100 (British Summer Time) SIGINT
Thu May 27 2021 07:07:08 GMT+0100 (British Summer Time) SIGINT
Thu May 27 2021 07:08:44 GMT+0100 (British Summer Time) SIGINT
Wed Jun 02 2021 21:35:45 GMT+0100 (British Summer Time) SIGINT
Fri Jul 02 2021 20:29:57 GMT+0100 (British Summer Time) SIGINT
Wed Aug 25 2021 10:28:42 GMT+0100 (British Summer Time) SIGINT
Wed Aug 25 2021 10:33:11 GMT+0100 (British Summer Time) SIGINT
Thu Sep 02 2021 10:09:42 GMT+0100 (British Summer Time) SIGINT
Thu Sep 02 2021 19:46:29 GMT+0100 (British Summer Time) SIGINT
Wed Sep 15 2021 16:57:32 GMT+0100 (British Summer Time) SIGINT
Thu Nov 04 2021 17:14:49 GMT+0000 (Greenwich Mean Time) SIGINT
Fri Nov 19 2021 11:22:57 GMT+0000 (Greenwich Mean Time) SIGINT
Wed Nov 24 2021 16:45:01 GMT+0000 (Greenwich Mean Time) SIGINT
Sun Nov 28 2021 13:01:01 GMT+0000 (Greenwich Mean Time) SIGINT
Thu Dec 02 2021 11:04:15 GMT+0000 (Greenwich Mean Time) SIGINT
Thu Dec 02 2021 11:11:22 GMT+0000 (Greenwich Mean Time) SIGINT
Thu Dec 16 2021 11:57:34 GMT+0000 (Greenwich Mean Time) SIGINT
Fri Dec 17 2021 10:35:34 GMT+0000 (Greenwich Mean Time) SIGINT
